Base path: C:/Program Files (x86)/Unity/Editor/Data
Pipe name: \\.\pipe\UnityShaderCompiler-2-2896
Cmd: getPlatforms
Cmd: compileSnippet
  api=9 type=0 insize=901 outsize=629 kw= ok=1
Cmd: compileSnippet
  api=9 type=1 insize=901 outsize=7 kw= ok=1
Cmd: compileSnippet
  api=5 type=0 insize=1770 outsize=1649 kw= ok=1
Cmd: compileSnippet
  api=5 type=1 insize=1770 outsize=6 kw= ok=1
Cmd: compileSnippet
  api=9 type=1 insize=2154 outsize=7 kw= ok=1
Cmd: compileSnippet
  api=9 type=0 insize=1788 outsize=1628 kw= ok=1
Cmd: compileSnippet
  api=9 type=1 insize=2219 outsize=7 kw= ok=1
Cmd: compileSnippet
  api=9 type=0 insize=2137 outsize=2175 kw= ok=1
Cmd: compileSnippet
  api=9 type=0 insize=942 outsize=631 kw= ok=1
Cmd: compileSnippet
  api=9 type=0 insize=1917 outsize=1975 kw= ok=1
Cmd: compileSnippet
  api=9 type=1 insize=1917 outsize=7 kw= ok=1
Unhandled exception: Readfile from pipe failed. GLE=管道已结束。


Quitting shader compiler process
